{"name": "test_addmember[user1_0009]", "status": "broken", "statusDetails": {"message": "selenium.common.exceptions.TimeoutException: Message:", "trace": "self = <test_member.TestContact object at 0x000001B6AC8565E0>, get_member_datas = ['aaaa_0009', 'aaaa_0009', '13012300009']\n\n    @allure.story(\"测试添加联系人并判断是否添加成功\")\n    def test_addmember(self, get_member_datas):\n        username = get_member_datas[0]\n        account = get_member_datas[1]\n        phonenum = get_member_datas[2]\n        page = self.mp.goto_add_member()\n        page.add_member(username, account, phonenum)\n        username = get_member_datas[0]\n>       names = page.get_members()\n\ntest_member.py:23: \n_ _ _ _ _ _ _ _ _ _ _ _ _ _ _ _ _ _ _ _ _ _ _ _ _ _ _ _ _ _ _ _ _ _ _ _ _ _ _ _ _ _ _ _ _ _ _ _ _ _ _ _ _ _ _ _ _ _ _ _ _ _ _ _ _ _ _ _ _ _ _ _ _ _ _ _ _ \n..\\pages\\add_member_page.py:40: in get_members\n    self.wait_to_click(10, locator)\n..\\pages\\base_page.py:56: in wait_to_click\n    WebDriverWait(self.driver, timeout).until(expected_conditions.element_to_be_clickable(locator))\n_ _ _ _ _ _ _ _ _ _ _ _ _ _ _ _ _ _ _ _ _ _ _ _ _ _ _ _ _ _ _ _ _ _ _ _ _ _ _ _ _ _ _ _ _ _ _ _ _ _ _ _ _ _ _ _ _ _ _ _ _ _ _ _ _ _ _ _ _ _ _ _ _ _ _ _ _ \n\nself = <selenium.webdriver.support.wait.WebDriverWait (session=\"9d1039e32048ec625748f38b0fddbfcb\")>\nmethod = <selenium.webdriver.support.expected_conditions.element_to_be_clickable object at 0x000001B6AC898CA0>, message = ''\n\n    def until(self, method, message=''):\n        \"\"\"Calls the method provided with the driver as an argument until the \\\n        return value is not False.\"\"\"\n        screen = None\n        stacktrace = None\n    \n        end_time = time.time() + self._timeout\n        while True:\n            try:\n                value = method(self._driver)\n                if value:\n                    return value\n            except self._ignored_exceptions as exc:\n                screen = getattr(exc, 'screen', None)\n                stacktrace = getattr(exc, 'stacktrace', None)\n            time.sleep(self._poll)\n            if time.time() > end_time:\n                break\n>       raise TimeoutException(message, screen, stacktrace)\nE       selenium.common.exceptions.TimeoutException: Message:\n\nd:\\python38\\lib\\site-packages\\selenium\\webdriver\\support\\wait.py:80: TimeoutException"}, "steps": [{"name": "输入用户名aaaa_0009", "status": "passed", "start": 1614486937353, "stop": 1614486938559}, {"name": "输入账户aaaa_0009", "status": "passed", "start": 1614486938559, "stop": 1614486938605}, {"name": "输入手机号码13012300009", "status": "passed", "start": 1614486938605, "stop": 1614486938673}, {"name": "点击保存按钮", "status": "passed", "start": 1614486938673, "stop": 1614486938728}, {"name": "等待联系人复选框出现", "status": "broken", "statusDetails": {"message": "selenium.common.exceptions.TimeoutException: Message: \n\n", "trace": "  File \"E:\\Python\\myProjects\\HogwartsLG6\\taskwork\\stage5_live_web\\pages\\add_member_page.py\", line 40, in get_members\n    self.wait_to_click(10, locator)\n  File \"E:\\Python\\myProjects\\HogwartsLG6\\taskwork\\stage5_live_web\\pages\\base_page.py\", line 56, in wait_to_click\n    WebDriverWait(self.driver, timeout).until(expected_conditions.element_to_be_clickable(locator))\n  File \"d:\\python38\\lib\\site-packages\\selenium\\webdriver\\support\\wait.py\", line 80, in until\n    raise TimeoutException(message, screen, stacktrace)\n"}, "start": 1614486938728, "stop": 1614486948972}], "parameters": [{"name": "get_member_datas", "value": "['aaaa_0009', 'aaaa_0009', '13012300009']"}], "start": 1614486937152, "stop": 1614486948972, "uuid": "6b88dee1-2cda-4f04-b1da-5622661d10ba", "historyId": "a2b70bdf0d7643bc81b8136d1a55bfa6", "testCaseId": "2213ec40466f64b74e7d252b8bb25c39", "fullName": "test_member.TestContact#test_addmember", "labels": [{"name": "feature", "value": "测试联系人添加"}, {"name": "story", "value": "测试添加联系人并判断是否添加成功"}, {"name": "suite", "value": "test_member"}, {"name": "subSuite", "value": "TestContact"}, {"name": "host", "value": "ELF"}, {"name": "thread", "value": "15864-MainThread"}, {"name": "framework", "value": "pytest"}, {"name": "language", "value": "cpython3"}, {"name": "package", "value": "test_member"}]}